# JRE version: OpenJDK Runtime Environment Temurin-17.0.9+9 (17.0.9+9) (build 17.0.9+9)
# Java VM: OpenJDK 64-Bit Server VM Temurin-17.0.9+9 (17.0.9+9, mixed mode, emulated-client, tiered, compressed oops, compressed class ptrs, g1 gc, windows-amd64)
GC Precious Log:
 CPUs: 4 total, 4 available
 Memory: 3988M
 Large Page Support: Disabled
 NUMA Support: Disabled
 Compressed Oops: Enabled (32-bit)
 Heap Region Size: 1M
 Heap Min Capacity: 8M
 Heap Initial Capacity: 64M
 Heap Max Capacity: 998M
 Pre-touch: Disabled
 Parallel Workers: 4
 Concurrent Workers: 1
 Concurrent Refinement Workers: 4
 Periodic GC: Disabled
Heap:
 garbage-first heap   total 208896K, used 54361K [0x00000000c1a00000, 0x0000000100000000)
  region size 1024K, 1 young (1024K), 1 survivors (1024K)
 Metaspace       used 77363K, committed 78016K, reserved 1179648K
  class space    used 10499K, committed 10752K, reserved 1048576K
GC Heap History (20 events):
Event: 3880.703 GC heap after
{Heap after GC invocations=68 (full 0):
 garbage-first heap   total 172032K, used 54782K [0x00000000c1a00000, 0x0000000100000000)
  region size 1024K, 1 young (1024K), 1 survivors (1024K)
 Metaspace       used 77363K, committed 78016K, reserved 1179648K
  class space    used 10499K, committed 10752K, reserved 1048576K
}
Event: 3880.845 GC heap before
{Heap before GC invocations=68 (full 0):
 garbage-first heap   total 172032K, used 61950K [0x00000000c1a00000, 0x0000000100000000)
  region size 1024K, 8 young (8192K), 1 survivors (1024K)
 Metaspace       used 77363K, committed 78016K, reserved 1179648K
  class space    used 10499K, committed 10752K, reserved 1048576K
}
Event: 3881.192 GC heap after
{Heap after GC invocations=69 (full 0):
 garbage-first heap   total 172032K, used 55296K [0x00000000c1a00000, 0x0000000100000000)
  region size 1024K, 1 young (1024K), 1 survivors (1024K)
 Metaspace       used 77363K, committed 78016K, reserved 1179648K
  class space    used 10499K, committed 10752K, reserved 1048576K
}
Event: 3881.817 GC heap before
{Heap before GC invocations=69 (full 0):
 garbage-first heap   total 172032K, used 61440K [0x00000000c1a00000, 0x0000000100000000)
  region size 1024K, 8 young (8192K), 1 survivors (1024K)
 Metaspace       used 77363K, committed 78016K, reserved 1179648K
  class space    used 10499K, committed 10752K, reserved 1048576K
}
Event: 3886.253 GC heap after
{Heap after GC invocations=70 (full 0):
 garbage-first heap   total 512000K, used 58236K [0x00000000c1a00000, 0x0000000100000000)
  region size 1024K, 1 young (1024K), 1 survivors (1024K)
 Metaspace       used 77363K, committed 78016K, reserved 1179648K
  class space    used 10499K, committed 10752K, reserved 1048576K
}
Event: 3887.408 GC heap before
{Heap before GC invocations=71 (full 0):
 garbage-first heap   total 208896K, used 70524K [0x00000000c1a00000, 0x0000000100000000)
  region size 1024K, 13 young (13312K), 1 survivors (1024K)
 Metaspace       used 77363K, committed 78016K, reserved 1179648K
  class space    used 10499K, committed 10752K, reserved 1048576K
}
Event: 3892.080 GC heap after
{Heap after GC invocations=72 (full 0):
 garbage-first heap   total 208896K, used 62140K [0x00000000c1a00000, 0x0000000100000000)
  region size 1024K, 2 young (2048K), 2 survivors (2048K)
 Metaspace       used 77363K, committed 78016K, reserved 1179648K
  class space    used 10499K, committed 10752K, reserved 1048576K
}
Event: 3892.712 GC heap before
{Heap before GC invocations=72 (full 0):
 garbage-first heap   total 208896K, used 70332K [0x00000000c1a00000, 0x0000000100000000)
  region size 1024K, 10 young (10240K), 2 survivors (2048K)
 Metaspace       used 77363K, committed 78016K, reserved 1179648K
  class space    used 10499K, committed 10752K, reserved 1048576K
}
Event: 3893.886 GC heap after
{Heap after GC invocations=73 (full 0):
 garbage-first heap   total 208896K, used 62721K [0x00000000c1a00000, 0x0000000100000000)
  region size 1024K, 2 young (2048K), 2 survivors (2048K)
 Metaspace       used 77363K, committed 78016K, reserved 1179648K
  class space    used 10499K, committed 10752K, reserved 1048576K
}
Event: 3895.866 GC heap before
{Heap before GC invocations=73 (full 0):
 garbage-first heap   total 208896K, used 70913K [0x00000000c1a00000, 0x0000000100000000)
  region size 1024K, 10 young (10240K), 2 survivors (2048K)
 Metaspace       used 77363K, committed 78016K, reserved 1179648K
  class space    used 10499K, committed 10752K, reserved 1048576K
}
Event: 3896.470 GC heap after
{Heap after GC invocations=74 (full 0):
 garbage-first heap   total 208896K, used 63028K [0x00000000c1a00000, 0x0000000100000000)
  region size 1024K, 1 young (1024K), 1 survivors (1024K)
 Metaspace       used 77363K, committed 78016K, reserved 1179648K
  class space    used 10499K, committed 10752K, reserved 1048576K
}
Event: 3896.725 GC heap before
{Heap before GC invocations=74 (full 0):
 garbage-first heap   total 208896K, used 72244K [0x00000000c1a00000, 0x0000000100000000)
  region size 1024K, 10 young (10240K), 1 survivors (1024K)
 Metaspace       used 77363K, committed 78016K, reserved 1179648K
  class space    used 10499K, committed 10752K, reserved 1048576K
}
Event: 3896.729 GC heap after
{Heap after GC invocations=75 (full 0):
 garbage-first heap   total 208896K, used 63267K [0x00000000c1a00000, 0x0000000100000000)
  region size 1024K, 2 young (2048K), 2 survivors (2048K)
 Metaspace       used 77363K, committed 78016K, reserved 1179648K
  class space    used 10499K, committed 10752K, reserved 1048576K
}
Event: 3898.040 GC heap before
{Heap before GC invocations=75 (full 0):
 garbage-first heap   total 208896K, used 71459K [0x00000000c1a00000, 0x0000000100000000)
  region size 1024K, 10 young (10240K), 2 survivors (2048K)
 Metaspace       used 77363K, committed 78016K, reserved 1179648K
  class space    used 10499K, committed 10752K, reserved 1048576K
}
Event: 3898.294 GC heap after
{Heap after GC invocations=76 (full 0):
 garbage-first heap   total 208896K, used 63345K [0x00000000c1a00000, 0x0000000100000000)
  region size 1024K, 1 young (1024K), 1 survivors (1024K)
 Metaspace       used 77363K, committed 78016K, reserved 1179648K
  class space    used 10499K, committed 10752K, reserved 1048576K
}
Event: 3899.135 GC heap before
{Heap before GC invocations=77 (full 0):
 garbage-first heap   total 208896K, used 67441K [0x00000000c1a00000, 0x0000000100000000)
  region size 1024K, 10 young (10240K), 1 survivors (1024K)
 Metaspace       used 77363K, committed 78016K, reserved 1179648K
  class space    used 10499K, committed 10752K, reserved 1048576K
}
Event: 3899.137 GC heap after
{Heap after GC invocations=78 (full 0):
 garbage-first heap   total 208896K, used 58251K [0x00000000c1a00000, 0x0000000100000000)
  region size 1024K, 1 young (1024K), 1 survivors (1024K)
 Metaspace       used 77363K, committed 78016K, reserved 1179648K
  class space    used 10499K, committed 10752K, reserved 1048576K
}
Event: 3901.376 GC heap before
{Heap before GC invocations=78 (full 0):
 garbage-first heap   total 208896K, used 67467K [0x00000000c1a00000, 0x0000000100000000)
  region size 1024K, 10 young (10240K), 1 survivors (1024K)
 Metaspace       used 77363K, committed 78016K, reserved 1179648K
  class space    used 10499K, committed 10752K, reserved 1048576K
}
Event: 3901.915 GC heap after
{Heap after GC invocations=79 (full 0):
 garbage-first heap   total 208896K, used 56203K [0x00000000c1a00000, 0x0000000100000000)
  region size 1024K, 1 young (1024K), 1 survivors (1024K)
 Metaspace       used 77363K, committed 78016K, reserved 1179648K
  class space    used 10499K, committed 10752K, reserved 1048576K
}
Event: 3903.116 GC heap before
{Heap before GC invocations=79 (full 0):
 garbage-first heap   total 208896K, used 65419K [0x00000000c1a00000, 0x0000000100000000)
  region size 1024K, 10 young (10240K), 1 survivors (1024K)
 Metaspace       used 77363K, committed 78016K, reserved 1179648K
  class space    used 10499K, committed 10752K, reserved 1048576K
}

